<?xml version="1.0" encoding="UTF-8"?>
<testsuite xmlns:xsi="http://www.w3.org/2001/XMLSchema-instance" xsi:noNamespaceSchemaLocation="https://maven.apache.org/surefire/maven-surefire-plugin/xsd/surefire-test-report-3.0.xsd" version="3.0" name="com.example.PostgreSQLTest" time="2.421" tests="20" errors="0" skipped="0" failures="0">
  <properties>
[...]
</properties>
  <testcase name="testExtras_ExtraRunsNull" classname="com.example.PostgreSQLTest" time="0.083">
    <system-out><![CDATA[Database created successfully!
]]></system-out>
  </testcase>
  <testcase name="testTeam_RegionNull" classname="com.example.PostgreSQLTest" time="0.007"/>
  <testcase name="testBatterScore_RunScoredNull" classname="com.example.PostgreSQLTest" time="0.015"/>
  <testcase name="testTeam_TeamIdNull" classname="com.example.PostgreSQLTest" time="0.003"/>
  <testcase name="testMatch_MatchIdNull" classname="com.example.PostgreSQLTest" time="0.007"/>
  <testcase name="testAwards_AwardTypeNull" classname="com.example.PostgreSQLTest" time="0.008"/>
  <testcase name="testPlayerMatch_RoleNull" classname="com.example.PostgreSQLTest" time="0.006"/>
  <testcase name="testMatch_MatchDateNull" classname="com.example.PostgreSQLTest" time="0.005"/>
  <testcase name="testAuction_AuctionIdNull" classname="com.example.PostgreSQLTest" time="0.004"/>
  <testcase name="testAuction_IsSoldNull" classname="com.example.PostgreSQLTest" time="0.003"/>
  <testcase name="testPlayer_PlayerIdNull" classname="com.example.PostgreSQLTest" time="0.002"/>
  <testcase name="testBalls_BallNumNull" classname="com.example.PostgreSQLTest" time="0.005"/>
  <testcase name="testExtras_ExtraTypeNull" classname="com.example.PostgreSQLTest" time="0.007"/>
  <testcase name="testSeason_EndDateNull" classname="com.example.PostgreSQLTest" time="0.002"/>
  <testcase name="testPlayerMatch_IsExtraNull" classname="com.example.PostgreSQLTest" time="0.006"/>
  <testcase name="testWickets_KindOutNull" classname="com.example.PostgreSQLTest" time="0.007"/>
  <testcase name="testPlayer_BattingHandNull" classname="com.example.PostgreSQLTest" time="0.002"/>
  <testcase name="testBalls_InningsNumNull" classname="com.example.PostgreSQLTest" time="0.005"/>
  <testcase name="testMatch_MatchTypeNull" classname="com.example.PostgreSQLTest" time="0.005"/>
  <testcase name="testSeason_YearNull" classname="com.example.PostgreSQLTest" time="0.001"/>
</testsuite>